{"name":"test003","id":"com.bestbuyapi.productinfo.ProductCRUDTestWithSteps.ProductsCRUDTestWithSteps:test003","testCaseName":"com.bestbuyapi.productinfo.ProductCRUDTestWithSteps.ProductsCRUDTestWithSteps","testSteps":[{"number":1,"description":"Updating Product information with ProductID: 0, name : Apple - MacBook Proh6u7lkk_updated, type: Laptopk1xxgub, price: 1200.99, shipping: 10, upc: 012333424000,description: Apple iMac 21.5 All-in-One39346, manufacturer: Apple,model: bqgpnci,url: https://www.bestbuy.com/site/apple-macbook-pro-13-display-with-touch-bar-intel-core-i5-16gb-memory-512gb-ssd-space-gray/6287726.p?skuId\u003d6287726,image: https://pisces.bbystatic.com/image2/BestBuy_US/images/products/6287/6287726_sd.jpg;maxHeight\u003d640;maxWidth\u003d550","duration":38,"startTime":"2022-06-05T23:00:09.702+01:00[Europe/London]","result":"SUCCESS","precondition":false,"children":[{"number":2,"description":"PUT http://localhost:8080/products/0\r\r","duration":0,"startTime":"2022-06-05T23:00:09.740+01:00[Europe/London]","result":"SUCCESS","restQuery":{"method":"PUT","path":"http://localhost:8080/products/0\r\r","content":"{\n    \"name\": \"Apple - MacBook Proh6u7lkk_updated\",\n    \"type\": \"Laptopk1xxgub\",\n    \"price\": 1200.99,\n    \"shipping\": 10,\n    \"upc\": \"012333424000\",\n    \"description\": \"Apple iMac 21.5 All-in-One39346\",\n    \"manufacturer\": \"Apple\",\n    \"model\": \"bqgpnci\",\n    \"url\": \"https://www.bestbuy.com/site/apple-macbook-pro-13-display-with-touch-bar-intel-core-i5-16gb-memory-512gb-ssd-space-gray/6287726.p?skuId\u003d6287726\",\n    \"image\": \"https://pisces.bbystatic.com/image2/BestBuy_US/images/products/6287/6287726_sd.jpg;maxHeight\u003d640;maxWidth\u003d550\"\n}\r","contentType":"application/json","requestHeaders":"Accept\u003d*/*\r\n\t\t\t\tContent-Type\u003dapplication/json; charset\u003dUTF-8\r\r","requestCookies":"\r\r","responseHeaders":"Content-Type: application/json\nDate: Sun, 05 Jun 2022 22:00:09 GMT\nContent-Length: 73\r","responseCookies":"\r","responseBody":"{\n    \"status\": \"fail\",\n    \"code\": 500,\n    \"message\": \"internal server error: not found\"\n}","statusCode":500},"precondition":false}]}],"userStory":{"id":"com.bestbuyapi.productinfo.ProductCRUDTestWithSteps.ProductsCRUDTestWithSteps","storyName":"Products CRUD test with steps","storyClassName":"com.bestbuyapi.productinfo.ProductCRUDTestWithSteps$ProductsCRUDTestWithSteps","path":"com.bestbuyapi.productinfo.ProductCRUDTestWithSteps","type":"story"},"featureTag":{"name":"Product CRUD test with steps/Products CRUD test with steps","type":"story"},"title":"Update the Product information and verify the updated information","tags":[{"name":"Product CRUD test with steps/Products CRUD test with steps","type":"story"}],"startTime":"2022-06-05T23:00:09.701+01:00[Europe/London]","duration":42,"testFailureCause":{"errorType":"java.lang.AssertionError","message":"1 expectation failed.\nExpected status code \u003c200\u003e but was \u003c500\u003e.\n","stackTrace":[{"declaringClass":"io.restassured.internal.ResponseSpecificationImpl","methodName":"validateResponseIfRequired","fileName":"ResponseSpecificationImpl.groovy","lineNumber":636},{"declaringClass":"io.restassured.internal.ResponseSpecificationImpl","methodName":"statusCode","fileName":"ResponseSpecificationImpl.groovy","lineNumber":122},{"declaringClass":"io.restassured.internal.ResponseSpecificationImpl","methodName":"statusCode","fileName":"ResponseSpecificationImpl.groovy","lineNumber":130},{"declaringClass":"io.restassured.internal.ValidatableResponseOptionsImpl","methodName":"statusCode","fileName":"ValidatableResponseOptionsImpl.java","lineNumber":117}]},"testFailureClassname":"java.lang.AssertionError","testFailureMessage":"1 expectation failed.\nExpected status code \u003c200\u003e but was \u003c500\u003e.\n","testFailureSummary":"FAILURE;java.lang.AssertionError;1 expectation failed.\nExpected status code \u003c200\u003e but was \u003c500\u003e.\n;ResponseSpecificationImpl.groovy","projectKey":"","annotatedResult":"FAILURE","manual":false,"testSource":"JUnit","result":"FAILURE"}