<?xml version="1.0" encoding="UTF-8"?><testsuite errors="0" failures="0" name="com.bestbuy.bestbuyinfo.CategoriesCRUDTest" skipped="0" tests="4" time="3.1" timestamp="2022-06-06T02:02:07.297+01:00[Europe/London]"><testcase classname="com.bestbuy.bestbuyinfo.CategoriesCRUDTest" name="This will create a new category"/><testcase classname="com.bestbuy.bestbuyinfo.CategoriesCRUDTest" name="Verify if the category was created"/><testcase classname="com.bestbuy.bestbuyinfo.CategoriesCRUDTest" name="Update the category information and verify the updated information"/><testcase classname="com.bestbuy.bestbuyinfo.CategoriesCRUDTest" name="Delete the category and verify if the category is deleted!"/></testsuite>