<?xml version="1.0" encoding="UTF-8"?><testsuite errors="2" failures="2" name="com.bestbuyapi.categoriesinfo.CategoriesCRUDTestWithSteps" skipped="0" tests="4" time="2.49" timestamp="2022-06-05T22:52:53.037+01:00[Europe/London]"><testcase classname="com.bestbuyapi.categoriesinfo.CategoriesCRUDTestWithSteps" name="This will create new Category"><failure message="1 expectation failed.&#10;Expected status code &lt;201&gt; but was &lt;404&gt;.&#10;" type="java.lang.AssertionError">1 expectation failed.
Expected status code &lt;201&gt; but was &lt;404&gt;.
</failure><system-err>1 expectation failed.
Expected status code &lt;201&gt; but was &lt;404&gt;.
&#13;
io.restassured.internal.ResponseSpecificationImpl.validateResponseIfRequired(ResponseSpecificationImpl.groovy:636)&#13;
io.restassured.internal.ResponseSpecificationImpl.statusCode(ResponseSpecificationImpl.groovy:122)&#13;
io.restassured.internal.ResponseSpecificationImpl.statusCode(ResponseSpecificationImpl.groovy:130)&#13;
io.restassured.internal.ValidatableResponseOptionsImpl.statusCode(ValidatableResponseOptionsImpl.java:117)&#13;
com.bestbuyapi.categoriesinfo.CategoriesCRUDTestWithSteps.test001(CategoriesCRUDTestWithSteps.java:34)&#13;
</system-err></testcase><testcase classname="com.bestbuyapi.categoriesinfo.CategoriesCRUDTestWithSteps" name="Verify if the Category was created in application"><failure message="1 expectation failed.&#10;Expected status code &lt;200&gt; but was &lt;404&gt;.&#10;" type="java.lang.AssertionError">1 expectation failed.
Expected status code &lt;200&gt; but was &lt;404&gt;.
</failure><system-err>1 expectation failed.
Expected status code &lt;200&gt; but was &lt;404&gt;.
&#13;
io.restassured.internal.ResponseSpecificationImpl.validateResponseIfRequired(ResponseSpecificationImpl.groovy:636)&#13;
io.restassured.internal.ResponseSpecificationImpl.statusCode(ResponseSpecificationImpl.groovy:122)&#13;
io.restassured.internal.ResponseSpecificationImpl.statusCode(ResponseSpecificationImpl.groovy:130)&#13;
io.restassured.internal.ValidatableResponseOptionsImpl.statusCode(ValidatableResponseOptionsImpl.java:117)&#13;
com.bestbuyapi.bestbuyapiinfo.CategoriesSteps.getCategoryInfoByName(CategoriesSteps.java:34)&#13;
com.bestbuyapi.categoriesinfo.CategoriesCRUDTestWithSteps.test002(CategoriesCRUDTestWithSteps.java:40)&#13;
</system-err></testcase><testcase classname="com.bestbuyapi.categoriesinfo.CategoriesCRUDTestWithSteps" name="Update Category information and verify the updated information"><error message="parameterValue cannot be null" type="java.lang.IllegalArgumentException">parameterValue cannot be null</error><system-err>parameterValue cannot be null&#13;
io.restassured.internal.assertion.AssertParameter.notNull(AssertParameter.groovy:26)&#13;
io.restassured.internal.RequestSpecificationImpl.pathParameter(RequestSpecificationImpl.groovy:560)&#13;
groovy.lang.MetaMethod.doMethodInvoke(MetaMethod.java:325)&#13;
groovy.lang.MetaClassImpl.invokeMethod(MetaClassImpl.java:1213)&#13;
groovy.lang.MetaClassImpl.invokeMethod(MetaClassImpl.java:1022)&#13;
groovy.lang.MetaClassImpl.invokeMethod(MetaClassImpl.java:810)&#13;
io.restassured.internal.RequestSpecificationImpl.invokeMethod(RequestSpecificationImpl.groovy)&#13;
io.restassured.internal.RequestSpecificationImpl.pathParam(RequestSpecificationImpl.groovy:578)&#13;
net.serenitybdd.rest.decorators.request.RequestSpecificationParametersConfigurations.pathParam(RequestSpecificationParametersConfigurations.java:188)&#13;
net.serenitybdd.rest.decorators.request.RequestSpecificationDecorated.pathParam(RequestSpecificationDecorated.java:27)&#13;
com.bestbuyapi.bestbuyapiinfo.CategoriesSteps.updateCategory(CategoriesSteps.java:45)&#13;
com.bestbuyapi.categoriesinfo.CategoriesCRUDTestWithSteps.test003(CategoriesCRUDTestWithSteps.java:49)&#13;
</system-err></testcase><testcase classname="com.bestbuyapi.categoriesinfo.CategoriesCRUDTestWithSteps" name="Delete Category and verify if the Category is deleted"><error message="parameterValue cannot be null" type="java.lang.IllegalArgumentException">parameterValue cannot be null</error><system-err>parameterValue cannot be null&#13;
io.restassured.internal.assertion.AssertParameter.notNull(AssertParameter.groovy:26)&#13;
io.restassured.internal.RequestSpecificationImpl.pathParameter(RequestSpecificationImpl.groovy:560)&#13;
groovy.lang.MetaMethod.doMethodInvoke(MetaMethod.java:325)&#13;
groovy.lang.MetaClassImpl.invokeMethod(MetaClassImpl.java:1213)&#13;
groovy.lang.MetaClassImpl.invokeMethod(MetaClassImpl.java:1022)&#13;
groovy.lang.MetaClassImpl.invokeMethod(MetaClassImpl.java:810)&#13;
io.restassured.internal.RequestSpecificationImpl.invokeMethod(RequestSpecificationImpl.groovy)&#13;
io.restassured.internal.RequestSpecificationImpl.pathParam(RequestSpecificationImpl.groovy:578)&#13;
net.serenitybdd.rest.decorators.request.RequestSpecificationParametersConfigurations.pathParam(RequestSpecificationParametersConfigurations.java:188)&#13;
net.serenitybdd.rest.decorators.request.RequestSpecificationDecorated.pathParam(RequestSpecificationDecorated.java:27)&#13;
com.bestbuyapi.bestbuyapiinfo.CategoriesSteps.deleteCategory(CategoriesSteps.java:56)&#13;
com.bestbuyapi.categoriesinfo.CategoriesCRUDTestWithSteps.test004(CategoriesCRUDTestWithSteps.java:57)&#13;
</system-err></testcase></testsuite>